\BOOKMARK [0][-]{chapter*.5}{\332vod}{}% 1
\BOOKMARK [1][-]{section*.6}{Motivace}{chapter*.5}% 2
\BOOKMARK [1][-]{section*.8}{Struktura pr\341ce}{chapter*.5}% 3
\BOOKMARK [0][-]{chapter.1}{Specifikace c\355lu}{}% 4
\BOOKMARK [1][-]{section.1.1}{Rozbor zad\341n\355}{chapter.1}% 5
\BOOKMARK [0][-]{chapter.2}{Re\235er\235e}{}% 6
\BOOKMARK [1][-]{section.2.1}{Zpracov\341n\355 s\355tov\351ho provozu}{chapter.2}% 7
\BOOKMARK [1][-]{section.2.2}{Anom\341lie v s\355tov\351m provozu}{chapter.2}% 8
\BOOKMARK [1][-]{section.2.3}{Nemea}{chapter.2}% 9
\BOOKMARK [1][-]{section.2.4}{Statistick\351 metody}{chapter.2}% 10
\BOOKMARK [1][-]{section.2.5}{Klasifikace vyt\355\236en\355 s\355te}{chapter.2}% 11
\BOOKMARK [0][-]{chapter.3}{N\341vrh}{}% 12
\BOOKMARK [1][-]{section.3.1}{Struktura navrhnut\351ho modulu}{chapter.3}% 13
\BOOKMARK [0][-]{chapter.4}{Implementace}{}% 14
\BOOKMARK [1][-]{section.4.1}{Pou\236it\351 n\341storoje}{chapter.4}% 15
\BOOKMARK [1][-]{section.4.2}{Souc\341sti modulu}{chapter.4}% 16
\BOOKMARK [0][-]{chapter.5}{Pou\236it\355 modulu}{}% 17
\BOOKMARK [1][-]{section.5.1}{Nasazen\355 v syst\351mu NEMEA}{chapter.5}% 18
\BOOKMARK [1][-]{section.5.2}{Spou\235ten\355 modulu}{chapter.5}% 19
\BOOKMARK [0][-]{chapter.6}{Testy}{}% 20
\BOOKMARK [0][-]{chapter*.17}{Z\341ver}{}% 21
\BOOKMARK [0][-]{section*.19}{Literatura}{}% 22
\BOOKMARK [0][-]{appendix.A}{Seznam pou\236it\375ch zkratek}{}% 23
\BOOKMARK [0][-]{appendix.B}{Instalacn\355 pr\355rucka}{}% 24
\BOOKMARK [0][-]{appendix.C}{U\236ivatelsk\341 pr\355rucka}{}% 25
\BOOKMARK [0][-]{appendix.D}{Obsah prilo\236en\351ho CD}{}% 26
